<?xml version="1.0" encoding="UTF-8"?><testsuite errors="0" failures="0" name="com.bestbuy.testsuite.ProductCRUDWithSteps" skipped="0" tests="4" time="20.72" timestamp="2023-01-01T22:45:19.475Z[Europe/London]"><testcase classname="com.bestbuy.testsuite.ProductCRUDWithSteps" name="This will create new product"/><testcase classname="com.bestbuy.testsuite.ProductCRUDWithSteps" name="Verify if the product was added to application"/><testcase classname="com.bestbuy.testsuite.ProductCRUDWithSteps" name="This will update product"/><testcase classname="com.bestbuy.testsuite.ProductCRUDWithSteps" name="This will delete product"/></testsuite>