<?xml version="1.0" encoding="UTF-8"?><testsuite errors="0" failures="0" name="com.bestbuy.testsuite.StoreCRUDWithSteps" skipped="0" tests="4" time="0.91" timestamp="2023-01-01T22:45:46.939Z[Europe/London]"><testcase classname="com.bestbuy.testsuite.StoreCRUDWithSteps" name="This will create new store"/><testcase classname="com.bestbuy.testsuite.StoreCRUDWithSteps" name="Verify if the store is added to application"/><testcase classname="com.bestbuy.testsuite.StoreCRUDWithSteps" name="This will update store"/><testcase classname="com.bestbuy.testsuite.StoreCRUDWithSteps" name="This will delete store"/></testsuite>